build/app/outputs/mapping/release/mapping.txt
# compiler: R8
# compiler_version: 1.5.69
# min_api: 16
# pg_map_id: 2a48de6
...
io.flutter.embedding.engine.systemchannels.PlatformChannel$PlatformMessageHandler -> io.flutter.embedding.engine.j.i$h:
    java.lang.CharSequence getClipboardData(io.flutter.embedding.engine.systemchannels.PlatformChannel$ClipboardContentFormat) -> a
    void playSystemSound(io.flutter.embedding.engine.systemchannels.PlatformChannel$SoundType) -> a
    void setApplicationSwitcherDescription(io.flutter.embedding.engine.systemchannels.PlatformChannel$AppSwitcherDescription) -> a
    void setClipboardData(java.lang.String) -> a
    void setPreferredOrientations(int) -> a
    void setSystemUiOverlayStyle(io.flutter.embedding.engine.systemchannels.PlatformChannel$SystemChromeStyle) -> a
    void showSystemOverlays(java.util.List) -> a
    void showSystemUiMode(io.flutter.embedding.engine.systemchannels.PlatformChannel$SystemUiMode) -> a
    void vibrateHapticFeedback(io.flutter.embedding.engine.systemchannels.PlatformChannel$HapticFeedbackType) -> a
    void popSystemNavigator() -> w
    void setSystemUiChangeListener() -> x
    void restoreSystemUiOverlays() -> y
    boolean clipboardHasStrings() -> z
io.flutter.embedding.engine.systemchannels.PlatformChannel$SoundType -> io.flutter.embedding.engine.j.i$i:
    io.flutter.embedding.engine.systemchannels.PlatformChannel$SoundType CLICK -> e
    io.flutter.embedding.engine.systemchannels.PlatformChannel$SoundType[] $VALUES -> g
    io.flutter.embedding.engine.systemchannels.PlatformChannel$SoundType ALERT -> f
    java.lang.String encodedName -> d
    io.flutter.embedding.engine.systemchannels.PlatformChannel$SoundType fromValue(java.lang.String) -> a
io.flutter.embedding.engine.systemchannels.PlatformChannel$SystemChromeStyle -> io.flutter.embedding.engine.j.i$j:
    java.lang.Boolean systemNavigationBarContrastEnforced -> g
    java.lang.Integer systemNavigationBarColor -> d
    java.lang.Integer systemNavigationBarDividerColor -> f
    io.flutter.embedding.engine.systemchannels.PlatformChannel$Brightness systemNavigationBarIconBrightness -> e
    io.flutter.embedding.engine.systemchannels.PlatformChannel$Brightness statusBarIconBrightness -> b
    java.lang.Boolean systemStatusBarContrastEnforced -> c
    java.lang.Integer statusBarColor -> a
io.flutter.embedding.engine.systemchannels.PlatformChannel$SystemUiMode -> io.flutter.embedding.engine.j.i$k:
    io.flutter.embedding.engine.systemchannels.PlatformChannel$SystemUiMode IMMERSIVE -> f
    io.flutter.embedding.engine.systemchannels.PlatformChannel$SystemUiMode LEAN_BACK -> e
    io.flutter.embedding.engine.systemchannels.PlatformChannel$SystemUiMode[] $VALUES -> i
    io.flutter.embedding.engine.systemchannels.PlatformChannel$SystemUiMode EDGE_TO_EDGE -> h
    io.flutter.embedding.engine.systemchannels.PlatformChannel$SystemUiMode IMMERSIVE_STICKY -> g
    java.lang.String encodedName -> d
    io.flutter.embedding.engine.systemchannels.PlatformChannel$SystemUiMode fromValue(java.lang.String) -> a
io.flutter.embedding.engine.systemchannels.PlatformChannel$SystemUiOverlay -> io.flutter.embedding.engine.j.i$l:
    io.flutter.embedding.engine.systemchannels.PlatformChannel$SystemUiOverlay TOP_OVERLAYS -> e
    io.flutter.embedding.engine.systemchannels.PlatformChannel$SystemUiOverlay[] $VALUES -> g
    io.flutter.embedding.engine.systemchannels.PlatformChannel$SystemUiOverlay BOTTOM_OVERLAYS -> f
    java.lang.String encodedName -> d
    io.flutter.embedding.engine.systemchannels.PlatformChannel$SystemUiOverlay fromValue(java.lang.String) -> a